error[E0019]: constant contains unimplemented expression type
   --> src\lib.rs:164:26
    |
164 |         let f = [();  { &loop { break } as *const _ as usize } ];
    |                          ^^^^^^^^^^^^^^

error: internal compiler error: librustc\ty\relate.rs:506: arrays should not have Const { ty: usize, val: Value(Scalar(Ptr(Pointer { alloc_id: AllocId(1), offset: Size { raw: 0 } }))) } as length

thread 'main' panicked at 'Box<Any>', librustc_errors\lib.rs:554:9
stack backtrace:
   0: <std::sync::mpsc::select::Select as core::fmt::Debug>::fmt
   1: std::stdsimd::arch::detect::os::check_for
   2: std::panicking::take_hook
   3: std::panicking::take_hook
   4: <rustc::ty::query::on_disk_cache::CacheEncoder<'enc, 'a, 'tcx, serialize::opaque::Encoder<'enc>> as serialize::serialize::SpecializedEncoder<rustc::ich::fingerprint::Fingerprint>>::specialized_encode
   5: std::panicking::rust_panic_with_hook
   6: <rustc_errors::emitter::ColorConfig as core::fmt::Debug>::fmt
   7: rustc_errors::Handler::bug
   8: <rustc::hir::map::MapEntry<'hir> as core::clone::Clone>::clone
   9: rustc::ty::context::tls::track_diagnostic
  10: rustc::ty::context::tls::track_diagnostic
  11: rustc::ty::context::tls::track_diagnostic
  12: rustc::session::bug_fmt
  13: rustc::session::bug_fmt
  14: rustc::ty::query::on_disk_cache::<impl serialize::serialize::SpecializedDecoder<rustc::ty::query::on_disk_cache::IntEncodedWithFixedSize> for serialize::opaque::Decoder<'enc>>::specialized_decode
  15: <rustc::infer::combine::Generalizer<'cx, 'gcx, 'tcx> as rustc::ty::relate::TypeRelation<'cx, 'gcx, 'tcx>>::tys
  16: rustc::infer::anon_types::Instantiator::fold_anon_ty
  17: <rustc::infer::sub::Sub<'combine, 'infcx, 'gcx, 'tcx> as rustc::ty::relate::TypeRelation<'infcx, 'gcx, 'tcx>>::tys
  18: <rustc_typeck::check_unused::CollectExternCrateVisitor<'a, 'tcx> as rustc::hir::itemlikevisit::ItemLikeVisitor<'v>>::visit_item
  19: <rustc_typeck::check_unused::CollectExternCrateVisitor<'a, 'tcx> as rustc::hir::itemlikevisit::ItemLikeVisitor<'v>>::visit_item
  20: <rustc::hir::HirId as rustc_typeck::check::writeback::Locatable>::to_span
  21: <rustc_typeck::check_unused::CollectExternCrateVisitor<'a, 'tcx> as rustc::hir::itemlikevisit::ItemLikeVisitor<'v>>::visit_item
  22: <unknown>
  23: <unknown>
  24: <unknown>
  25: <rustc_typeck::check::FnCtxt<'a, 'gcx, 'tcx> as rustc_typeck::astconv::AstConv<'gcx, 'tcx>>::record_ty
  26: <rustc_typeck::check::FnCtxt<'a, 'gcx, 'tcx> as rustc_typeck::astconv::AstConv<'gcx, 'tcx>>::record_ty
  27: <rustc_typeck::check::FnCtxt<'a, 'gcx, 'tcx> as rustc_typeck::astconv::AstConv<'gcx, 'tcx>>::record_ty
  28: <rustc_typeck::check::FnCtxt<'a, 'gcx, 'tcx> as rustc_typeck::astconv::AstConv<'gcx, 'tcx>>::record_ty
  29: <rustc_typeck::check::FnCtxt<'a, 'gcx, 'tcx> as rustc_typeck::astconv::AstConv<'gcx, 'tcx>>::record_ty
  30: <rustc_typeck::check::GatherLocalsVisitor<'a, 'gcx, 'tcx> as rustc::hir::intravisit::Visitor<'gcx>>::visit_pat
  31: <rustc_typeck::collect::has_late_bound_regions::LateBoundRegionsDetector<'a, 'tcx> as rustc::hir::intravisit::Visitor<'tcx>>::visit_lifetime
  32: <rustc_typeck::check_unused::CollectExternCrateVisitor<'a, 'tcx> as rustc::hir::itemlikevisit::ItemLikeVisitor<'v>>::visit_item
  33: <rustc_typeck::check::CheckItemTypesVisitor<'a, 'tcx> as rustc::hir::itemlikevisit::ItemLikeVisitor<'tcx>>::visit_item
  34: rustc::ty::query::on_disk_cache::__ty_decoder_impl::<impl serialize::serialize::Decoder for rustc::ty::query::on_disk_cache::CacheDecoder<'a, 'tcx, 'x>>::read_str
  35: rustc::ty::context::tls::track_diagnostic
  36: rustc::ty::context::tls::track_diagnostic
  37: rustc::dep_graph::graph::DepGraph::assert_ignored
  38: rustc::ty::context::tls::track_diagnostic
  39: rustc::ty::query::plumbing::<impl rustc::ty::context::TyCtxt<'a, 'gcx, 'tcx>>::try_print_query_stack
  40: rustc::ty::query::plumbing::<impl rustc::ty::context::TyCtxt<'a, 'gcx, 'tcx>>::try_print_query_stack
  41: rustc::ty::query::plumbing::<impl rustc::ty::context::TyCtxt<'a, 'gcx, 'tcx>>::try_print_query_stack
  42: <rustc_typeck::collect::ItemCtxt<'a, 'tcx> as rustc_typeck::astconv::AstConv<'tcx, 'tcx>>::set_tainted_by_errors
  43: <rustc_typeck::check::CheckItemTypesVisitor<'a, 'tcx> as rustc::hir::itemlikevisit::ItemLikeVisitor<'tcx>>::visit_item
  44: rustc::ty::context::tls::track_diagnostic
  45: rustc::ty::context::tls::track_diagnostic
  46: rustc::dep_graph::graph::DepGraph::assert_ignored
  47: rustc::ty::context::tls::track_diagnostic
  48: rustc::ty::query::plumbing::<impl rustc::ty::context::TyCtxt<'a, 'gcx, 'tcx>>::try_print_query_stack
  49: rustc::ty::query::plumbing::<impl rustc::ty::context::TyCtxt<'a, 'gcx, 'tcx>>::try_print_query_stack
  50: rustc_typeck::check_crate
  51: <rustc_driver::derive_registrar::Finder as rustc::hir::itemlikevisit::ItemLikeVisitor<'v>>::visit_impl_item
  52: <rustc_driver::pretty::IdentifiedAnnotation<'hir> as rustc_driver::pretty::PrinterSupport>::sess
  53: <unknown>
  54: rustc_driver::driver::compile_input
  55: rustc_driver::run_compiler
  56: rustc_driver::target_features::add_configuration
  57: <rustc_driver::pretty::IdentifiedAnnotation<'hir> as rustc_driver::pretty::PrinterSupport>::sess
  58: _rust_maybe_catch_panic
  59: <rustc_driver::derive_registrar::Finder as rustc::hir::itemlikevisit::ItemLikeVisitor<'v>>::visit_item
  60: rustc_driver::main
  61: <unknown>
  62: std::panicking::update_panic_count
  63: _rust_maybe_catch_panic
  64: std::rt::lang_start_internal
  65: <unknown>
  66: <unknown>
  67: BaseThreadInitThunk
  68: RtlUserThreadStart
query stack during panic:
#0 [typeck_tables_of] processing `internal_compiler_errors::no_kind_for_cast`
#1 [typeck_item_bodies] type-checking all item bodies
end of query stack
error: aborting due to 2 previous errors

For more information about this error, try `rustc --explain E0019`.

note: the compiler unexpectedly panicked. this is a bug.

note: we would appreciate a bug report: https://github.com/rust-lang/rust/blob/master/CONTRIBUTING.md#bug-reports

note: rustc 1.28.0 (9634041f0 2018-07-30) running on x86_64-pc-windows-msvc

note: compiler flags: -C debuginfo=2 -C incremental --crate-type lib

note: some of the compiler flags provided by cargo are hidden

error: Could not compile `test_bugs`.

To learn more, run the command again with --verbose.
